<?xml version="1.0" encoding="UTF-8"?>
<!-- Generated by org.testng.reporters.JUnitReportReporter -->
<testsuite hostname="Nk" failures="0" tests="1" name="mavenjava.AppTest" time="0.002" errors="0" timestamp="2020-06-19T12:24:17 IST" skipped="0">
  <testcase classname="mavenjava.AppTest" name="testApp" time="0.002"/>
  <system-out/>
</testsuite> <!-- mavenjava.AppTest -->
