<?xml version="1.0" encoding="UTF-8"?>
<!-- Generated by org.testng.reporters.JUnitReportReporter -->
<testsuite hostname="Nk" failures="0" tests="1" name="mavenjava.extentreport" time="13.581" errors="0" timestamp="2020-06-20T22:07:38 IST" skipped="0">
  <testcase classname="mavenjava.extentreport" name="initial" time="13.581"/>
  <system-out/>
</testsuite> <!-- mavenjava.extentreport -->
