<?xml version="1.0" encoding="UTF-8"?>
<!-- Generated by org.testng.reporters.JUnitReportReporter -->
<testsuite hostname="Nk" failures="0" tests="2" name="mavenjava.SelTest" time="0.007" errors="0" timestamp="2020-06-19T13:19:19 IST" skipped="0">
  <testcase classname="mavenjava.SelTest" name="browserauto" time="0.006"/>
  <system-out/>
  <testcase classname="mavenjava.SelTest" name="elements" time="0.001"/>
  <system-out/>
</testsuite> <!-- mavenjava.SelTest -->
