<?xml version="1.0" encoding="UTF-8"?>
<!-- Generated by org.testng.reporters.JUnitReportReporter -->
<testsuite hostname="Nk" failures="0" tests="2" name="mavenjava.APITest" time="0.007" errors="0" timestamp="2020-06-19T13:18:28 IST" skipped="0">
  <testcase classname="mavenjava.APITest" name="request" time="0.006"/>
  <system-out/>
  <testcase classname="mavenjava.APITest" name="response" time="0.001"/>
  <system-out/>
</testsuite> <!-- mavenjava.APITest -->
